{"timestamp":"2025-09-19T11:33:07.752Z","level":"INFO","category":"LOGGER","message":"Enhanced logging system initialized","file":"logger.go","line":68}
{"timestamp":"2025-09-19T11:33:07.752Z","level":"INFO","category":"LOGGER","message":"Log file: logs/order-gateway-2025-09-19.log","file":"logger.go","line":69}
{"timestamp":"2025-09-19T11:33:07.752Z","level":"INFO","category":"APP","message":"Starting Order Service initialization","file":"main.go","line":185}
{"timestamp":"2025-09-19T11:33:07.762Z","level":"INFO","category":"CONFIG","message":"Loaded environment variables from .env file","file":"main.go","line":191}
{"timestamp":"2025-09-19T11:33:07.762Z","level":"INFO","category":"APP","message":"Verifying database connections","file":"main.go","line":199}
{"timestamp":"2025-09-19T11:33:07.763Z","level":"INFO","category":"DATABASE","message":"Attempting to connect to PostgreSQL (attempt 1/5)","file":"main.go","line":121}
{"timestamp":"2025-09-19T11:33:07.898Z","level":"ERROR","category":"DATABASE","message":"Failed to connect to PostgreSQL: dial tcp: lookup ticketly-db.cp0qikwog82w.ap-south-1.rds.amazonaws.com: no such host","file":"main.go","line":134}
{"timestamp":"2025-09-19T11:33:09.899Z","level":"INFO","category":"DATABASE","message":"Attempting to connect to PostgreSQL (attempt 2/5)","file":"main.go","line":121}
{"timestamp":"2025-09-19T11:33:09.899Z","level":"ERROR","category":"DATABASE","message":"Failed to connect to PostgreSQL: dial tcp: lookup ticketly-db.cp0qikwog82w.ap-south-1.rds.amazonaws.com: no such host","file":"main.go","line":134}
{"timestamp":"2025-09-19T11:33:11.900Z","level":"INFO","category":"DATABASE","message":"Attempting to connect to PostgreSQL (attempt 3/5)","file":"main.go","line":121}
{"timestamp":"2025-09-19T11:33:11.901Z","level":"ERROR","category":"DATABASE","message":"Failed to connect to PostgreSQL: dial tcp: lookup ticketly-db.cp0qikwog82w.ap-south-1.rds.amazonaws.com: no such host","file":"main.go","line":134}
{"timestamp":"2025-09-19T11:33:13.902Z","level":"INFO","category":"DATABASE","message":"Attempting to connect to PostgreSQL (attempt 4/5)","file":"main.go","line":121}
{"timestamp":"2025-09-19T11:33:13.917Z","level":"ERROR","category":"DATABASE","message":"Failed to connect to PostgreSQL: dial tcp: lookup ticketly-db.cp0qikwog82w.ap-south-1.rds.amazonaws.com: no such host","file":"main.go","line":134}
{"timestamp":"2025-09-19T11:33:15.917Z","level":"INFO","category":"DATABASE","message":"Attempting to connect to PostgreSQL (attempt 5/5)","file":"main.go","line":121}
{"timestamp":"2025-09-19T11:33:15.918Z","level":"ERROR","category":"DATABASE","message":"Failed to connect to PostgreSQL: dial tcp: lookup ticketly-db.cp0qikwog82w.ap-south-1.rds.amazonaws.com: no such host","file":"main.go","line":134}
{"timestamp":"2025-09-19T11:33:15.918Z","level":"FATAL","category":"DATABASE","message":"Failed to connect to PostgreSQL after 5 attempts: dial tcp: lookup ticketly-db.cp0qikwog82w.ap-south-1.rds.amazonaws.com: no such host","file":"main.go","line":142}
{"timestamp":"2025-09-19T11:42:19.589Z","level":"INFO","category":"LOGGER","message":"Enhanced logging system initialized","file":"logger.go","line":68}
{"timestamp":"2025-09-19T11:42:19.590Z","level":"INFO","category":"LOGGER","message":"Log file: logs/order-gateway-2025-09-19.log","file":"logger.go","line":69}
{"timestamp":"2025-09-19T11:42:19.590Z","level":"INFO","category":"APP","message":"Starting Order Service initialization","file":"main.go","line":185}
{"timestamp":"2025-09-19T11:42:19.603Z","level":"INFO","category":"CONFIG","message":"Loaded environment variables from .env file","file":"main.go","line":191}
{"timestamp":"2025-09-19T11:42:19.603Z","level":"INFO","category":"APP","message":"Verifying database connections","file":"main.go","line":199}
{"timestamp":"2025-09-19T11:42:19.603Z","level":"INFO","category":"DATABASE","message":"Attempting to connect to PostgreSQL (attempt 1/5)","file":"main.go","line":121}
{"timestamp":"2025-09-19T11:42:19.629Z","level":"ERROR","category":"DATABASE","message":"Failed to connect to PostgreSQL: pq: SSL is not enabled on the server","file":"main.go","line":134}
{"timestamp":"2025-09-19T11:42:21.629Z","level":"INFO","category":"DATABASE","message":"Attempting to connect to PostgreSQL (attempt 2/5)","file":"main.go","line":121}
{"timestamp":"2025-09-19T11:42:21.632Z","level":"ERROR","category":"DATABASE","message":"Failed to connect to PostgreSQL: pq: SSL is not enabled on the server","file":"main.go","line":134}
{"timestamp":"2025-09-19T11:42:23.633Z","level":"INFO","category":"DATABASE","message":"Attempting to connect to PostgreSQL (attempt 3/5)","file":"main.go","line":121}
{"timestamp":"2025-09-19T11:42:23.636Z","level":"ERROR","category":"DATABASE","message":"Failed to connect to PostgreSQL: pq: SSL is not enabled on the server","file":"main.go","line":134}
{"timestamp":"2025-09-19T11:42:25.636Z","level":"INFO","category":"DATABASE","message":"Attempting to connect to PostgreSQL (attempt 4/5)","file":"main.go","line":121}
{"timestamp":"2025-09-19T11:42:25.647Z","level":"ERROR","category":"DATABASE","message":"Failed to connect to PostgreSQL: pq: SSL is not enabled on the server","file":"main.go","line":134}
{"timestamp":"2025-09-19T11:42:27.648Z","level":"INFO","category":"DATABASE","message":"Attempting to connect to PostgreSQL (attempt 5/5)","file":"main.go","line":121}
{"timestamp":"2025-09-19T11:42:27.651Z","level":"ERROR","category":"DATABASE","message":"Failed to connect to PostgreSQL: pq: SSL is not enabled on the server","file":"main.go","line":134}
{"timestamp":"2025-09-19T11:42:27.652Z","level":"FATAL","category":"DATABASE","message":"Failed to connect to PostgreSQL after 5 attempts: pq: SSL is not enabled on the server","file":"main.go","line":142}
{"timestamp":"2025-09-19T11:42:48.920Z","level":"INFO","category":"LOGGER","message":"Enhanced logging system initialized","file":"logger.go","line":68}
{"timestamp":"2025-09-19T11:42:48.920Z","level":"INFO","category":"LOGGER","message":"Log file: logs/order-gateway-2025-09-19.log","file":"logger.go","line":69}
{"timestamp":"2025-09-19T11:42:48.920Z","level":"INFO","category":"APP","message":"Starting Order Service initialization","file":"main.go","line":185}
{"timestamp":"2025-09-19T11:42:48.930Z","level":"INFO","category":"CONFIG","message":"Loaded environment variables from .env file","file":"main.go","line":191}
{"timestamp":"2025-09-19T11:42:48.930Z","level":"INFO","category":"APP","message":"Verifying database connections","file":"main.go","line":199}
{"timestamp":"2025-09-19T11:42:48.930Z","level":"INFO","category":"DATABASE","message":"Attempting to connect to PostgreSQL (attempt 1/5)","file":"main.go","line":121}
{"timestamp":"2025-09-19T11:42:48.973Z","level":"INFO","category":"DATABASE","message":"✅ PostgreSQL connection successful","file":"main.go","line":145}
{"timestamp":"2025-09-19T11:42:49.022Z","level":"INFO","category":"REDIS","message":"Keyspace notifications enabled for expired events","file":"main.go","line":166}
{"timestamp":"2025-09-19T11:42:49.023Z","level":"INFO","category":"DATABASE","message":"✅ Redis connection successful to localhost:6379 (DB: 0)","file":"main.go","line":168}
{"timestamp":"2025-09-19T11:42:49.023Z","level":"INFO","category":"KAFKA","message":"Initializing Kafka producer","file":"main.go","line":211}
{"timestamp":"2025-09-19T11:42:49.023Z","level":"INFO","category":"KAFKA","message":"Using Kafka address from environment variable: localhost:9092","file":"main.go","line":214}
{"timestamp":"2025-09-19T11:42:49.023Z","level":"INFO","category":"KAFKA","message":"Kafka brokers configured: [localhost:9092]","file":"main.go","line":216}
{"timestamp":"2025-09-19T11:42:49.023Z","level":"INFO","category":"KAFKA","message":"Kafka producer initialized successfully","file":"main.go","line":218}
{"timestamp":"2025-09-19T11:42:49.023Z","level":"INFO","category":"KAFKA","message":"Ensuring required topics exist","file":"main.go","line":221}
{"timestamp":"2025-09-19T11:42:50.054Z","level":"INFO","category":"KAFKA","message":"Required topics ensured successfully","file":"main.go","line":234}
{"timestamp":"2025-09-19T11:42:50.054Z","level":"INFO","category":"SERVICE","message":"Initializing ticket service","file":"main.go","line":237}
{"timestamp":"2025-09-19T11:42:50.054Z","level":"INFO","category":"SERVICE","message":"Initializing order service","file":"main.go","line":240}
{"timestamp":"2025-09-19T11:42:50.055Z","level":"INFO","category":"LOGGER","message":"Enhanced logging system initialized","file":"logger.go","line":68}
{"timestamp":"2025-09-19T11:42:50.055Z","level":"INFO","category":"LOGGER","message":"Log file: logs/order-gateway-2025-09-19.log","file":"logger.go","line":69}
{"timestamp":"2025-09-19T11:42:50.055Z","level":"INFO","category":"HTTP","message":"Setting up router and middleware","file":"main.go","line":259}
{"timestamp":"2025-09-19T11:42:50.663Z","level":"INFO","category":"DATABASE","message":"Redis connection closed","file":"main.go","line":208}
{"timestamp":"2025-09-19T11:42:50.663Z","level":"INFO","category":"DATABASE","message":"PostgreSQL connection closed","file":"main.go","line":204}
{"timestamp":"2025-09-19T11:42:50.663Z","level":"INFO","category":"LOGGER","message":"Closing log file","file":"logger.go","line":216}
